#! /usr/local/bin/vvp
:ivl_version "12.0 (stable)";
:ivl_delay_selection "TYPICAL";
:vpi_time_precision + 0;
:vpi_module "/usr/local/lib/ivl/system.vpi";
:vpi_module "/usr/local/lib/ivl/vhdl_sys.vpi";
:vpi_module "/usr/local/lib/ivl/vhdl_textio.vpi";
:vpi_module "/usr/local/lib/ivl/v2005_math.vpi";
:vpi_module "/usr/local/lib/ivl/va_math.vpi";
:vpi_module "/usr/local/lib/ivl/v2009.vpi";
S_0x1f13c90 .scope package, "$unit" "$unit" 2 1;
 .timescale 0 0;
S_0x1efa580 .scope module, "sync_fifo_TB" "sync_fifo_TB" 3 3;
 .timescale 0 0;
v0x1f44bf0_0 .var "clk", 0 0;
v0x1f44cb0_0 .var "data_in", 7 0;
v0x1f44d80_0 .net "data_out", 7 0, v0x1f441f0_0;  1 drivers
v0x1f44e80_0 .net "empty", 0 0, L_0x1f45a20;  1 drivers
v0x1f44f50_0 .net "full", 0 0, L_0x1f458c0;  1 drivers
v0x1f44ff0_0 .var "r_en", 0 0;
v0x1f450c0_0 .var "rst_n", 0 0;
v0x1f45190_0 .var "w_en", 0 0;
S_0x1efa710 .scope task, "drive" "drive" 3 39, 3 39 0, S_0x1efa580;
 .timescale 0 0;
v0x1f109b0_0 .var/2s "delay", 31 0;
E_0x1f241f0 .event posedge, v0x1f44050_0;
TD_sync_fifo_TB.drive ;
    %pushi/vec4 0, 0, 1;
    %store/vec4 v0x1f45190_0, 0, 1;
    %pushi/vec4 0, 0, 1;
    %store/vec4 v0x1f44ff0_0, 0, 1;
    %fork t_1, S_0x1efa710;
    %fork t_2, S_0x1efa710;
    %join;
    %join;
    %jmp t_0;
t_1 ;
    %pushi/vec4 10, 0, 32;
T_0.0 %dup/vec4;
    %pushi/vec4 0, 0, 32;
    %cmp/s;
    %jmp/1xz T_0.1, 5;
    %jmp/1 T_0.1, 4;
    %pushi/vec4 1, 0, 32;
    %sub;
    %wait E_0x1f241f0;
    %fork TD_sync_fifo_TB.push, S_0x1f43460;
    %join;
    %jmp T_0.0;
T_0.1 ;
    %pop/vec4 1;
    %pushi/vec4 0, 0, 1;
    %store/vec4 v0x1f45190_0, 0, 1;
    %end;
t_2 ;
    %load/vec4 v0x1f109b0_0;
    %pad/s 64;
    %muli 1, 0, 64;
    %ix/vec4 4;
    %delayx 4;
    %pushi/vec4 10, 0, 32;
T_0.2 %dup/vec4;
    %pushi/vec4 0, 0, 32;
    %cmp/s;
    %jmp/1xz T_0.3, 5;
    %jmp/1 T_0.3, 4;
    %pushi/vec4 1, 0, 32;
    %sub;
    %wait E_0x1f241f0;
    %fork TD_sync_fifo_TB.pop, S_0x1f43260;
    %join;
    %jmp T_0.2;
T_0.3 ;
    %pop/vec4 1;
    %pushi/vec4 0, 0, 1;
    %store/vec4 v0x1f44ff0_0, 0, 1;
    %end;
    .scope S_0x1efa710;
t_0 ;
    %end;
S_0x1f43260 .scope task, "pop" "pop" 3 31, 3 31 0, S_0x1efa580;
 .timescale 0 0;
TD_sync_fifo_TB.pop ;
    %load/vec4 v0x1f44e80_0;
    %nor/r;
    %flag_set/vec4 8;
    %jmp/0xz  T_1.4, 8;
    %pushi/vec4 1, 0, 1;
    %store/vec4 v0x1f44ff0_0, 0, 1;
    %delay 1, 0;
    %vpi_call/w 3 34 "$display", "Pop Out: w_en=%b, r_en=%b, data_out=%h", v0x1f45190_0, v0x1f44ff0_0, v0x1f44d80_0 {0 0 0};
    %jmp T_1.5;
T_1.4 ;
    %vpi_call/w 3 36 "$display", "FIFO Empty!! Can not pop data_out" {0 0 0};
T_1.5 ;
    %end;
S_0x1f43460 .scope task, "push" "push" 3 22, 3 22 0, S_0x1efa580;
 .timescale 0 0;
TD_sync_fifo_TB.push ;
    %load/vec4 v0x1f44f50_0;
    %nor/r;
    %flag_set/vec4 8;
    %jmp/0xz  T_2.6, 8;
    %pushi/vec4 1, 0, 1;
    %store/vec4 v0x1f45190_0, 0, 1;
    %vpi_func 3 25 "$random" 32 {0 0 0};
    %pad/s 8;
    %store/vec4 v0x1f44cb0_0, 0, 8;
    %delay 1, 0;
    %vpi_call/w 3 26 "$display", "Push In: w_en=%b, r_en=%b, data_in=%h", v0x1f45190_0, v0x1f44ff0_0, v0x1f44cb0_0 {0 0 0};
    %jmp T_2.7;
T_2.6 ;
    %vpi_call/w 3 28 "$display", "FIFO Full!! Can not push data_in=%d", v0x1f44cb0_0 {0 0 0};
T_2.7 ;
    %end;
S_0x1f43670 .scope module, "s_fifo" "synchronous_fifo" 3 10, 4 2 0, S_0x1efa580;
 .timescale 0 0;
    .port_info 0 /INPUT 1 "clk";
    .port_info 1 /INPUT 1 "rst_n";
    .port_info 2 /INPUT 1 "w_en";
    .port_info 3 /INPUT 1 "r_en";
    .port_info 4 /INPUT 8 "data_in";
    .port_info 5 /OUTPUT 8 "data_out";
    .port_info 6 /OUTPUT 1 "full";
    .port_info 7 /OUTPUT 1 "empty";
P_0x1f43850 .param/l "DATA_WIDTH" 0 4 2, +C4<00000000000000000000000000001000>;
P_0x1f43890 .param/l "DEPTH" 0 4 2, +C4<00000000000000000000000000001000>;
P_0x1f438d0 .param/l "PTR_WIDTH" 1 4 10, +C4<00000000000000000000000000000011>;
L_0x1f45460 .functor XOR 1, L_0x1f45260, L_0x1f45360, C4<0>, C4<0>;
L_0x1f458c0 .functor AND 1, L_0x1f45460, L_0x1f45780, C4<1>, C4<1>;
v0x1f43c10_0 .net *"_ivl_1", 0 0, L_0x1f45260;  1 drivers
v0x1f43cb0_0 .net *"_ivl_10", 0 0, L_0x1f45780;  1 drivers
v0x1f43d50_0 .net *"_ivl_3", 0 0, L_0x1f45360;  1 drivers
v0x1f43e40_0 .net *"_ivl_7", 2 0, L_0x1f455a0;  1 drivers
v0x1f43f20_0 .net *"_ivl_9", 2 0, L_0x1f45690;  1 drivers
v0x1f44050_0 .net "clk", 0 0, v0x1f44bf0_0;  1 drivers
v0x1f44110_0 .net "data_in", 7 0, v0x1f44cb0_0;  1 drivers
v0x1f441f0_0 .var "data_out", 7 0;
v0x1f442d0_0 .net "empty", 0 0, L_0x1f45a20;  alias, 1 drivers
v0x1f44420 .array "fifo", 7 0, 7 0;
v0x1f444e0_0 .net "full", 0 0, L_0x1f458c0;  alias, 1 drivers
v0x1f445a0_0 .net "r_en", 0 0, v0x1f44ff0_0;  1 drivers
v0x1f44660_0 .var "r_ptr", 3 0;
v0x1f44740_0 .net "rst_n", 0 0, v0x1f450c0_0;  1 drivers
v0x1f44800_0 .net "w_en", 0 0, v0x1f45190_0;  1 drivers
v0x1f448c0_0 .var "w_ptr", 3 0;
v0x1f449a0_0 .net "wrap_around", 0 0, L_0x1f45460;  1 drivers
L_0x1f45260 .part v0x1f448c0_0, 3, 1;
L_0x1f45360 .part v0x1f44660_0, 3, 1;
L_0x1f455a0 .part v0x1f448c0_0, 0, 3;
L_0x1f45690 .part v0x1f44660_0, 0, 3;
L_0x1f45780 .cmp/eq 3, L_0x1f455a0, L_0x1f45690;
L_0x1f45a20 .cmp/eq 4, v0x1f448c0_0, v0x1f44660_0;
    .scope S_0x1f43670;
T_3 ;
    %wait E_0x1f241f0;
    %load/vec4 v0x1f44740_0;
    %nor/r;
    %flag_set/vec4 8;
    %jmp/0xz  T_3.0, 8;
    %pushi/vec4 0, 0, 4;
    %assign/vec4 v0x1f448c0_0, 0;
    %pushi/vec4 0, 0, 4;
    %assign/vec4 v0x1f44660_0, 0;
    %pushi/vec4 0, 0, 8;
    %assign/vec4 v0x1f441f0_0, 0;
T_3.0 ;
    %jmp T_3;
    .thread T_3;
    .scope S_0x1f43670;
T_4 ;
    %wait E_0x1f241f0;
    %load/vec4 v0x1f44800_0;
    %load/vec4 v0x1f444e0_0;
    %nor/r;
    %and;
    %flag_set/vec4 8;
    %jmp/0xz  T_4.0, 8;
    %load/vec4 v0x1f44110_0;
    %load/vec4 v0x1f448c0_0;
    %parti/s 3, 0, 2;
    %pad/u 5;
    %ix/vec4 3;
    %ix/load 4, 0, 0; Constant delay
    %assign/vec4/a/d v0x1f44420, 0, 4;
    %load/vec4 v0x1f448c0_0;
    %addi 1, 0, 4;
    %assign/vec4 v0x1f448c0_0, 0;
T_4.0 ;
    %jmp T_4;
    .thread T_4;
    .scope S_0x1f43670;
T_5 ;
    %wait E_0x1f241f0;
    %load/vec4 v0x1f445a0_0;
    %load/vec4 v0x1f442d0_0;
    %nor/r;
    %and;
    %flag_set/vec4 8;
    %jmp/0xz  T_5.0, 8;
    %load/vec4 v0x1f44660_0;
    %parti/s 3, 0, 2;
    %pad/u 5;
    %ix/vec4 4;
    %load/vec4a v0x1f44420, 4;
    %assign/vec4 v0x1f441f0_0, 0;
    %load/vec4 v0x1f44660_0;
    %addi 1, 0, 4;
    %assign/vec4 v0x1f44660_0, 0;
T_5.0 ;
    %jmp T_5;
    .thread T_5;
    .scope S_0x1efa580;
T_6 ;
    %delay 2, 0;
    %load/vec4 v0x1f44bf0_0;
    %inv;
    %store/vec4 v0x1f44bf0_0, 0, 1;
    %jmp T_6;
    .thread T_6;
    .scope S_0x1efa580;
T_7 ;
    %pushi/vec4 0, 0, 1;
    %store/vec4 v0x1f44bf0_0, 0, 1;
    %pushi/vec4 0, 0, 1;
    %store/vec4 v0x1f450c0_0, 0, 1;
    %pushi/vec4 0, 0, 1;
    %store/vec4 v0x1f45190_0, 0, 1;
    %pushi/vec4 0, 0, 1;
    %store/vec4 v0x1f44ff0_0, 0, 1;
    %delay 3, 0;
    %pushi/vec4 1, 0, 1;
    %store/vec4 v0x1f450c0_0, 0, 1;
    %pushi/vec4 20, 0, 32;
    %store/vec4 v0x1f109b0_0, 0, 32;
    %fork TD_sync_fifo_TB.drive, S_0x1efa710;
    %join;
    %pushi/vec4 40, 0, 32;
    %store/vec4 v0x1f109b0_0, 0, 32;
    %fork TD_sync_fifo_TB.drive, S_0x1efa710;
    %join;
    %vpi_call/w 3 19 "$finish" {0 0 0};
    %end;
    .thread T_7;
    .scope S_0x1efa580;
T_8 ;
    %vpi_call/w 3 55 "$dumpfile", "dump.vcd" {0 0 0};
    %vpi_call/w 3 55 "$dumpvars" {0 0 0};
    %end;
    .thread T_8;
# The file index is used to find the file name in the following table.
:file_names 5;
    "N/A";
    "<interactive>";
    "-";
    "testbench.sv";
    "design.sv";
